# JRE version: Java(TM) SE Runtime Environment (17.0.12+8) (build 17.0.12+8-LTS-286)
# Java VM: Java HotSpot(TM) 64-Bit Server VM (17.0.12+8-LTS-286, mixed mode, sharing, tiered, compressed oops, compressed class ptrs, g1 gc, windows-amd64)
GC Precious Log:
 CPUs: 16 total, 16 available
 Memory: 16068M
 Large Page Support: Disabled
 NUMA Support: Disabled
 Compressed Oops: Enabled (32-bit)
 Heap Region Size: 1M
 Heap Min Capacity: 8M
 Heap Initial Capacity: 252M
 Heap Max Capacity: 2G
 Pre-touch: Disabled
 Parallel Workers: 13
 Concurrent Workers: 3
 Concurrent Refinement Workers: 13
 Periodic GC: Disabled
Heap:
 garbage-first heap   total 193536K, used 138951K [0x0000000080000000, 0x0000000100000000)
  region size 1024K, 50 young (51200K), 7 survivors (7168K)
 Metaspace       used 80965K, committed 81664K, reserved 557056K
  class space    used 11290K, committed 11648K, reserved 425984K
GC Heap History (20 events):
Event: 108.464 GC heap before
{Heap before GC invocations=27 (full 0):
 garbage-first heap   total 111616K, used 87324K [0x0000000080000000, 0x0000000100000000)
  region size 1024K, 29 young (29696K), 3 survivors (3072K)
 Metaspace       used 62793K, committed 63424K, reserved 491520K
  class space    used 8862K, committed 9152K, reserved 425984K
}
Event: 108.482 GC heap after
{Heap after GC invocations=28 (full 0):
 garbage-first heap   total 111616K, used 63193K [0x0000000080000000, 0x0000000100000000)
  region size 1024K, 3 young (3072K), 3 survivors (3072K)
 Metaspace       used 62793K, committed 63424K, reserved 491520K
  class space    used 8862K, committed 9152K, reserved 425984K
}
Event: 114.251 GC heap before
{Heap before GC invocations=28 (full 0):
 garbage-first heap   total 111616K, used 90841K [0x0000000080000000, 0x0000000100000000)
  region size 1024K, 31 young (31744K), 3 survivors (3072K)
 Metaspace       used 63948K, committed 64640K, reserved 491520K
  class space    used 8979K, committed 9344K, reserved 425984K
}
Event: 114.279 GC heap after
{Heap after GC invocations=29 (full 0):
 garbage-first heap   total 111616K, used 67164K [0x0000000080000000, 0x0000000100000000)
  region size 1024K, 4 young (4096K), 4 survivors (4096K)
 Metaspace       used 63948K, committed 64640K, reserved 491520K
  class space    used 8979K, committed 9344K, reserved 425984K
}
Event: 115.779 GC heap before
{Heap before GC invocations=30 (full 0):
 garbage-first heap   total 116736K, used 90716K [0x0000000080000000, 0x0000000100000000)
  region size 1024K, 27 young (27648K), 4 survivors (4096K)
 Metaspace       used 65619K, committed 66304K, reserved 491520K
  class space    used 9224K, committed 9600K, reserved 425984K
}
Event: 115.797 GC heap after
{Heap after GC invocations=31 (full 0):
 garbage-first heap   total 116736K, used 68974K [0x0000000080000000, 0x0000000100000000)
  region size 1024K, 2 young (2048K), 2 survivors (2048K)
 Metaspace       used 65619K, committed 66304K, reserved 491520K
  class space    used 9224K, committed 9600K, reserved 425984K
}
Event: 116.324 GC heap before
{Heap before GC invocations=31 (full 0):
 garbage-first heap   total 116736K, used 71022K [0x0000000080000000, 0x0000000100000000)
  region size 1024K, 5 young (5120K), 2 survivors (2048K)
 Metaspace       used 65936K, committed 66624K, reserved 491520K
  class space    used 9290K, committed 9664K, reserved 425984K
}
Event: 116.340 GC heap after
{Heap after GC invocations=32 (full 0):
 garbage-first heap   total 116736K, used 69396K [0x0000000080000000, 0x0000000100000000)
  region size 1024K, 1 young (1024K), 1 survivors (1024K)
 Metaspace       used 65936K, committed 66624K, reserved 491520K
  class space    used 9290K, committed 9664K, reserved 425984K
}
Event: 118.164 GC heap before
{Heap before GC invocations=32 (full 0):
 garbage-first heap   total 116736K, used 93972K [0x0000000080000000, 0x0000000100000000)
  region size 1024K, 26 young (26624K), 1 survivors (1024K)
 Metaspace       used 67658K, committed 68416K, reserved 491520K
  class space    used 9617K, committed 9984K, reserved 425984K
}
Event: 118.189 GC heap after
{Heap after GC invocations=33 (full 0):
 garbage-first heap   total 116736K, used 72572K [0x0000000080000000, 0x0000000100000000)
  region size 1024K, 4 young (4096K), 4 survivors (4096K)
 Metaspace       used 67658K, committed 68416K, reserved 491520K
  class space    used 9617K, committed 9984K, reserved 425984K
}
Event: 119.878 GC heap before
{Heap before GC invocations=34 (full 0):
 garbage-first heap   total 128000K, used 94076K [0x0000000080000000, 0x0000000100000000)
  region size 1024K, 26 young (26624K), 4 survivors (4096K)
 Metaspace       used 68258K, committed 68992K, reserved 491520K
  class space    used 9700K, committed 10048K, reserved 425984K
}
Event: 119.902 GC heap after
{Heap after GC invocations=35 (full 0):
 garbage-first heap   total 128000K, used 74751K [0x0000000080000000, 0x0000000100000000)
  region size 1024K, 4 young (4096K), 4 survivors (4096K)
 Metaspace       used 68258K, committed 68992K, reserved 491520K
  class space    used 9700K, committed 10048K, reserved 425984K
}
Event: 119.987 GC heap before
{Heap before GC invocations=35 (full 0):
 garbage-first heap   total 128000K, used 75775K [0x0000000080000000, 0x0000000100000000)
  region size 1024K, 6 young (6144K), 4 survivors (4096K)
 Metaspace       used 68260K, committed 68992K, reserved 491520K
  class space    used 9700K, committed 10048K, reserved 425984K
}
Event: 120.001 GC heap after
{Heap after GC invocations=36 (full 0):
 garbage-first heap   total 128000K, used 74247K [0x0000000080000000, 0x0000000100000000)
  region size 1024K, 1 young (1024K), 1 survivors (1024K)
 Metaspace       used 68260K, committed 68992K, reserved 491520K
  class space    used 9700K, committed 10048K, reserved 425984K
}
Event: 120.892 GC heap before
{Heap before GC invocations=36 (full 0):
 garbage-first heap   total 128000K, used 88583K [0x0000000080000000, 0x0000000100000000)
  region size 1024K, 16 young (16384K), 1 survivors (1024K)
 Metaspace       used 68400K, committed 69184K, reserved 491520K
  class space    used 9717K, committed 10112K, reserved 425984K
}
Event: 120.911 GC heap after
{Heap after GC invocations=37 (full 0):
 garbage-first heap   total 193536K, used 75929K [0x0000000080000000, 0x0000000100000000)
  region size 1024K, 3 young (3072K), 3 survivors (3072K)
 Metaspace       used 68400K, committed 69184K, reserved 491520K
  class space    used 9717K, committed 10112K, reserved 425984K
}
Event: 126.655 GC heap before
{Heap before GC invocations=37 (full 0):
 garbage-first heap   total 193536K, used 155801K [0x0000000080000000, 0x0000000100000000)
  region size 1024K, 76 young (77824K), 3 survivors (3072K)
 Metaspace       used 72991K, committed 73792K, reserved 491520K
  class space    used 10252K, committed 10624K, reserved 425984K
}
Event: 126.678 GC heap after
{Heap after GC invocations=38 (full 0):
 garbage-first heap   total 193536K, used 89088K [0x0000000080000000, 0x0000000100000000)
  region size 1024K, 10 young (10240K), 10 survivors (10240K)
 Metaspace       used 72991K, committed 73792K, reserved 491520K
  class space    used 10252K, committed 10624K, reserved 425984K
}
Event: 130.387 GC heap before
{Heap before GC invocations=38 (full 0):
 garbage-first heap   total 193536K, used 161792K [0x0000000080000000, 0x0000000100000000)
  region size 1024K, 75 young (76800K), 10 survivors (10240K)
 Metaspace       used 77722K, committed 78464K, reserved 557056K
  class space    used 10846K, committed 11200K, reserved 425984K
}
Event: 130.403 GC heap after
{Heap after GC invocations=39 (full 0):
 garbage-first heap   total 193536K, used 95943K [0x0000000080000000, 0x0000000100000000)
  region size 1024K, 7 young (7168K), 7 survivors (7168K)
 Metaspace       used 77722K, committed 78464K, reserved 557056K
  class space    used 10846K, committed 11200K, reserved 425984K
}

